<?xml version="1.0" encoding="UTF-8"?>
<testsuite name="com.fullcycle.catalog.application.category.retrieve.list.ListCategoriesUseCaseTest" tests="3" skipped="0" failures="0" errors="0" timestamp="2022-05-06T19:17:38" hostname="rodolpho-Z370M-AORUS-Gaming" time="0.019">
  <properties/>
  <testcase name="givenAValidQuery_whenGatewayThrowsException_thenShouldReturnAException()" classname="com.fullcycle.catalog.application.category.retrieve.list.ListCategoriesUseCaseTest" time="0.002"/>
  <testcase name="givenAValidQuery_whenHasNoResults_thenShouldReturnEmptyCategories()" classname="com.fullcycle.catalog.application.category.retrieve.list.ListCategoriesUseCaseTest" time="0.012"/>
  <testcase name="givenAValidQuery_whenCallsListCategories_thenShouldReturnCategories()" classname="com.fullcycle.catalog.application.category.retrieve.list.ListCategoriesUseCaseTest" time="0.005"/>
  <system-out><![CDATA[]]></system-out>
  <system-err><![CDATA[]]></system-err>
</testsuite>
