<?xml version="1.0" encoding="UTF-8"?>
<testsuite name="com.fullcycle.catalog.application.category.delete.DeleteCategoryUseCaseTest" tests="2" skipped="0" failures="0" errors="0" timestamp="2022-05-06T19:17:38" hostname="rodolpho-Z370M-AORUS-Gaming" time="0.286">
  <properties/>
  <testcase name="givenAInvalidCategoryID_whenCallDeleteMethod_thenShouldReturnDeleteBeOk()" classname="com.fullcycle.catalog.application.category.delete.DeleteCategoryUseCaseTest" time="0.283"/>
  <testcase name="givenAValidCategoryID_whenCallDeleteMethod_thenShouldReturnDeleteBeOk()" classname="com.fullcycle.catalog.application.category.delete.DeleteCategoryUseCaseTest" time="0.002"/>
  <system-out><![CDATA[]]></system-out>
  <system-err><![CDATA[]]></system-err>
</testsuite>
