<?xml version="1.0" encoding="UTF-8"?>
<testsuite name="com.fullcycle.admin.catalog.infrastructure.MainTest" tests="1" skipped="0" failures="0" errors="0" timestamp="2022-05-06T19:17:39" hostname="rodolpho-Z370M-AORUS-Gaming" time="0.01">
  <properties/>
  <testcase name="newMain()" classname="com.fullcycle.admin.catalog.infrastructure.MainTest" time="0.01"/>
  <system-out><![CDATA[]]></system-out>
  <system-err><![CDATA[]]></system-err>
</testsuite>
