<?xml version="1.0" encoding="UTF-8"?>
<testsuite name="com.fullcycle.catalog.domain.category.CategoryTest" tests="12" skipped="0" failures="0" errors="0" timestamp="2022-05-06T19:17:38" hostname="rodolpho-Z370M-AORUS-Gaming" time="0.024">
  <properties/>
  <testcase name="givenAValidCategory_whenCallUpdateWithInvalidParameter_givenAUpdatedCategory()" classname="com.fullcycle.catalog.domain.category.CategoryTest" time="0.013"/>
  <testcase name="givenAValidCategory_whenCallUpdateAsInactive_givenAUpdatedCategory()" classname="com.fullcycle.catalog.domain.category.CategoryTest" time="0.0"/>
  <testcase name="givenAValidEmptyDescription_whenCallNewCategoryWithInvalidName_thenInstantiateANewCategory()" classname="com.fullcycle.catalog.domain.category.CategoryTest" time="0.001"/>
  <testcase name="givenAValidCategory_whenCallUpdate_givenAUpdatedCategory()" classname="com.fullcycle.catalog.domain.category.CategoryTest" time="0.001"/>
  <testcase name="givenAValidInactivatedCategory_whenCallActivateMethod_thenReturnAActivatedCategory()" classname="com.fullcycle.catalog.domain.category.CategoryTest" time="0.001"/>
  <testcase name="givenAnInvalidNameLengthLessMoreThan255_whenCallNewCategoryWithInvalidName_thenThrowAInvalidParamsException()" classname="com.fullcycle.catalog.domain.category.CategoryTest" time="0.001"/>
  <testcase name="givenAValidCategory_whenCallDeactivateMethod_thenReturnAInactivatedCategory()" classname="com.fullcycle.catalog.domain.category.CategoryTest" time="0.001"/>
  <testcase name="givenAnInvalidNameLengthLessThan3_whenCallNewCategoryWithInvalidName_thenThrowAInvalidParamsException()" classname="com.fullcycle.catalog.domain.category.CategoryTest" time="0.0"/>
  <testcase name="givenAnInvalidNullName_whenCallNewCategoryWithInvalidName_thenThrowAInvalidParamsException()" classname="com.fullcycle.catalog.domain.category.CategoryTest" time="0.001"/>
  <testcase name="givenAnInvalidEmptyName_whenCallNewCategoryWithInvalidName_thenThrowAInvalidParamsException()" classname="com.fullcycle.catalog.domain.category.CategoryTest" time="0.001"/>
  <testcase name="givenAValidParams_whenCallNewCategory_thenInstantiateANewCategory()" classname="com.fullcycle.catalog.domain.category.CategoryTest" time="0.001"/>
  <testcase name="givenAValidFalseToIsActive_whenCallNewCategoryWithInvalidName_thenInstantiateANewCategory()" classname="com.fullcycle.catalog.domain.category.CategoryTest" time="0.0"/>
  <system-out><![CDATA[]]></system-out>
  <system-err><![CDATA[]]></system-err>
</testsuite>
